// 重构日志: 4e68f702
// 重构日志: 85cb8ff0
// 重构日志: 34b2c0c2
// 重构日志: 5e80c309
// 重构日志: aca9e545
// 重构日志: 2c70e753
// 重构日志: e204ba20
// 重构日志: 58abb9ca
// 同步 ID: 49db5605 @ Wed Jul  8 00:02:04 UTC 2026
// 重构日志: 4b8464ab
// 重构日志: a552f11e
// 同步 ID: 73d8a885 @ Sat Jul 11 14:57:13 UTC 2026
// 同步 ID: 6a692c6e @ Sat Jul 11 22:04:46 UTC 2026
// 同步 ID: 4ac5e063 @ Sun Jul 12 07:46:57 UTC 2026
// 同步 ID: 4b3e189b @ Mon Jul 13 12:18:25 UTC 2026
// 同步 ID: 594fe834 @ Tue Jul 14 06:47:10 UTC 2026
// 同步 ID: f80eda7c @ Fri Jul 17 00:55:51 UTC 2026
// 同步 ID: dad18f96 @ Sat Jul 18 10:58:16 UTC 2026
// 重构日志: 780d0543
// 同步 ID: 746d5c94 @ Sun Jul 19 15:36:17 UTC 2026
